Build started 3/18/2012 10:34:02 PM.
     1>Project "C:\Users\CJ\Dropbox\School\CS4496CompAnim\CompAnim_P3\Project3.vcxproj" on node 2 (build target(s)).
     1>InitializeBuildStatus:
         Creating "Release\Project3.unsuccessfulbuild" because "AlwaysCreate" was specified.
       ClCompile:
         C:\Program Files (x86)\Microsoft Visual Studio 10.0\VC\bin\CL.exe /c /Zi /nologo /W3 /WX- /O2 /Oi /Oy- /GL /D WIN32 /D NDEBUG /D _CONSOLE /D _UNICODE /D UNICODE /Gm- /EHsc /MD /GS /Gy /fp:precise /Zc:wchar_t /Zc:forScope /Fo"Release\\" /Fd"Release\vc100.pdb" /Gd /TP /analyze- /errorReport:prompt Actors.cpp DrawObjects.cpp main.cpp Simulator.cpp Util\cooking.cpp Util\Stream.cpp Util\Timing_WIN.cpp Util\UserAllocator.cpp
         Actors.cpp
     1>c:\users\cj\dropbox\school\cs4496companim\companim_p3\Actors.h(5): fatal error C1083: Cannot open include file: 'NxPhysics.h': No such file or directory
         DrawObjects.cpp
     1>DrawObjects.cpp(1): fatal error C1083: Cannot open include file: 'NxPhysics.h': No such file or directory
         main.cpp
     1>main.cpp(2): fatal error C1083: Cannot open include file: 'GL/glut.h': No such file or directory
         Simulator.cpp
     1>c:\users\cj\dropbox\school\cs4496companim\companim_p3\Simulator.h(13): fatal error C1083: Cannot open include file: 'NxPhysics.h': No such file or directory
         cooking.cpp
     1>c:\users\cj\dropbox\school\cs4496companim\companim_p3\util\cooking.h(5): fatal error C1083: Cannot open include file: 'NxCooking.h': No such file or directory
         Stream.cpp
     1>Util\Stream.cpp(2): fatal error C1083: Cannot open include file: 'NxPhysics.h': No such file or directory
         Timing_WIN.cpp
     1>Util\Timing_WIN.cpp(4): fatal error C1083: Cannot open include file: 'Nx.h': No such file or directory
         UserAllocator.cpp
     1>Util\UserAllocator.cpp(9): fatal error C1083: Cannot open include file: 'NxPhysics.h': No such file or directory
     1>Done Building Project "C:\Users\CJ\Dropbox\School\CS4496CompAnim\CompAnim_P3\Project3.vcxproj" (build target(s)) -- FAILED.

Build FAILED.

Time Elapsed 00:00:00.88
